<?xml version="1.0" encoding="UTF-8" ?>
<testsuite failures="0" time="0.045" errors="0" skipped="0" tests="1" name="mmsTest.AppTest">
  <properties>
    <property name="java.runtime.name" value="Java(TM) SE Runtime Environment"/>
    <property name="sun.boot.library.path" value="D:\soft\JAVA\jdk1.6.0_31\jre\bin"/>
    <property name="java.vm.version" value="20.6-b01"/>
    <property name="java.vm.vendor" value="Sun Microsystems Inc."/>
    <property name="java.vendor.url" value="http://java.sun.com/"/>
    <property name="path.separator" value=";"/>
    <property name="java.vm.name" value="Java HotSpot(TM) 64-Bit Server VM"/>
    <property name="file.encoding.pkg" value="sun.io"/>
    <property name="user.country" value="CN"/>
    <property name="sun.java.launcher" value="SUN_STANDARD"/>
    <property name="sun.os.patch.level" value="Service Pack 1"/>
    <property name="java.vm.specification.name" value="Java Virtual Machine Specification"/>
    <property name="user.dir" value="D:\office\06-RYT\02-work\mms-release"/>
    <property name="java.runtime.version" value="1.6.0_31-b05"/>
    <property name="java.awt.graphicsenv" value="sun.awt.Win32GraphicsEnvironment"/>
    <property name="basedir" value="D:\office\06-RYT\02-work\mms-release"/>
    <property name="java.endorsed.dirs" value="D:\soft\JAVA\jdk1.6.0_31\jre\lib\endorsed"/>
    <property name="os.arch" value="amd64"/>
    <property name="surefire.real.class.path" value="C:\Users\Thinkpad\AppData\Local\Temp\surefirebooter9169853655765110214.jar"/>
    <property name="java.io.tmpdir" value="C:\Users\Thinkpad\AppData\Local\Temp\"/>
    <property name="line.separator" value="
"/>
    <property name="java.vm.specification.vendor" value="Sun Microsystems Inc."/>
    <property name="user.variant" value=""/>
    <property name="os.name" value="Windows 7"/>
    <property name="sun.jnu.encoding" value="GBK"/>
    <property name="java.library.path" value="D:\soft\JAVA\jdk1.6.0_31\jre\bin;C:\Windows\Sun\Java\bin;C:\Windows\system32;C:\Windows;D:\soft\JAVA\jdk1.6.0_31\jre\bin;D:\soft\JAVA\jdk1.6.0_31\bin;D:\soft\JAVA\oracle\bin;C:\Windows\system32;C:\Windows;C:\Windows\System32\Wbem;C:\Windows\System32\WindowsPowerShell\v1.0\;C:\Program Files (x86)\Intel\Services\IPT\;C:\Program Files (x86)\Lenovo\Access Connections\;C:\Program Files\Intel\WiFi\bin\;C:\Program Files\Common Files\Intel\WirelessCommon\;D:\soft\JAVA\svn\bin;D:\soft\JAVA\apache-ant-1.8.3\bin;D:\soft\erl5.9.1\bin;C:\Program Files\TortoiseHg;D:\soft\TortoiseHg;C:\Program Files (x86)\MySQL\MySQL Server 5.1\bin;D:\office\09-Repository\maven\apache-maven-3.0.1\bin;C:\Program Files\Intel\WiFi\bin\;C:\Program Files\Common Files\Intel\WirelessCommon\;C:\Program Files (x86)\IDM Computer Solutions\UltraEdit\;.;;.;;.;;."/>
    <property name="surefire.test.class.path" value="D:\office\06-RYT\02-work\mms-release\target\test-classes;D:\office\06-RYT\02-work\mms-release\target\classes;D:\office\09-Repository\maven\repo\com\icbc-sign\1.0.1\icbc-sign-1.0.1.jar;D:\office\09-Repository\maven\repo\com\icbc-sign-help\1.0.1\icbc-sign-help-1.0.1.jar;D:\office\09-Repository\maven\repo\junit\junit\3.8.1\junit-3.8.1.jar;D:\office\09-Repository\maven\repo\javax\servlet\servlet-api\2.5\servlet-api-2.5.jar;D:\office\09-Repository\maven\repo\javax\activation\activation\1.1.1\activation-1.1.1.jar;D:\office\09-Repository\maven\repo\org\apache\axis\axis\1.4\axis-1.4.jar;D:\office\09-Repository\maven\repo\org\bouncycastle\bcprov-jdk16\1.43\bcprov-jdk16-1.43.jar;D:\office\09-Repository\maven\repo\encrypto\encrypto\1.0.0\encrypto-1.0.0.jar;D:\office\09-Repository\maven\repo\crypto\crypto\1.0.0\crypto-1.0.0.jar;D:\office\09-Repository\maven\repo\dom4j\dom4j\1.6.1\dom4j-1.6.1.jar;D:\office\09-Repository\maven\repo\xml-apis\xml-apis\1.0.b2\xml-apis-1.0.b2.jar;D:\office\09-Repository\maven\repo\javax\xml\soap\saaj-api\1.3\saaj-api-1.3.jar;D:\office\09-Repository\maven\repo\org\directwebremoting\dwr\3.0.M1\dwr-3.0.M1.jar;D:\office\09-Repository\maven\repo\org\mortbay\jetty\cometd\6.1.4\cometd-6.1.4.jar;D:\office\09-Repository\maven\repo\org\mortbay\jetty\jetty-util\6.1.4\jetty-util-6.1.4.jar;D:\office\09-Repository\maven\repo\org\springframework\spring-instrument\3.0.0.RELEASE\spring-instrument-3.0.0.RELEASE.jar;D:\office\09-Repository\maven\repo\org\springframework\spring-beans\3.0.0.RELEASE\spring-beans-3.0.0.RELEASE.jar;D:\office\09-Repository\maven\repo\org\springframework\spring-context\3.0.0.RELEASE\spring-context-3.0.0.RELEASE.jar;D:\office\09-Repository\maven\repo\org\springframework\spring-expression\3.0.0.RELEASE\spring-expression-3.0.0.RELEASE.jar;D:\office\09-Repository\maven\repo\org\springframework\spring-asm\3.0.0.RELEASE\spring-asm-3.0.0.RELEASE.jar;D:\office\09-Repository\maven\repo\org\springframework\spring-context-support\3.0.0.RELEASE\spring-context-support-3.0.0.RELEASE.jar;D:\office\09-Repository\maven\repo\org\springframework\spring-core\3.0.0.RELEASE\spring-core-3.0.0.RELEASE.jar;D:\office\09-Repository\maven\repo\org\springframework\spring-jdbc\3.0.0.RELEASE\spring-jdbc-3.0.0.RELEASE.jar;D:\office\09-Repository\maven\repo\org\springframework\spring-support\2.0.8\spring-support-2.0.8.jar;D:\office\09-Repository\maven\repo\aopalliance\aopalliance\1.0\aopalliance-1.0.jar;D:\office\09-Repository\maven\repo\org\springframework\spring-tomcat-weaver\2.5.6\spring-tomcat-weaver-2.5.6.jar;D:\office\09-Repository\maven\repo\tomcat\catalina\5.5.23\catalina-5.5.23.jar;D:\office\09-Repository\maven\repo\commons-modeler\commons-modeler\2.0\commons-modeler-2.0.jar;D:\office\09-Repository\maven\repo\commons-logging\commons-logging-api\1.0.4\commons-logging-api-1.0.4.jar;D:\office\09-Repository\maven\repo\mx4j\mx4j-jmx\2.1.1\mx4j-jmx-2.1.1.jar;D:\office\09-Repository\maven\repo\org\springframework\spring-tx\3.0.0.RELEASE\spring-tx-3.0.0.RELEASE.jar;D:\office\09-Repository\maven\repo\org\springframework\spring-aop\3.0.0.RELEASE\spring-aop-3.0.0.RELEASE.jar;D:\office\09-Repository\maven\repo\org\springframework\spring-web\3.0.0.RELEASE\spring-web-3.0.0.RELEASE.jar;D:\office\09-Repository\maven\repo\com\mysql\5.1.11\mysql-5.1.11.jar;D:\office\09-Repository\maven\repo\javax\mail\mail\1.4.1\mail-1.4.1.jar;D:\office\09-Repository\maven\repo\commons-logging\commons-logging\1.1\commons-logging-1.1.jar;D:\office\09-Repository\maven\repo\log4j\log4j\1.2.12\log4j-1.2.12.jar;D:\office\09-Repository\maven\repo\logkit\logkit\1.0.1\logkit-1.0.1.jar;D:\office\09-Repository\maven\repo\avalon-framework\avalon-framework\4.1.3\avalon-framework-4.1.3.jar;D:\office\09-Repository\maven\repo\commons-httpclient\commons-httpclient\3.1\commons-httpclient-3.1.jar;D:\office\09-Repository\maven\repo\commons-codec\commons-codec\1.2\commons-codec-1.2.jar;D:\office\09-Repository\maven\repo\commons-beanutils\commons-beanutils\1.8.3\commons-beanutils-1.8.3.jar;D:\office\09-Repository\maven\repo\commons-fileupload\commons-fileupload\1.2.1\commons-fileupload-1.2.1.jar;D:\office\09-Repository\maven\repo\commons-collections\commons-collections\3.2\commons-collections-3.2.jar;D:\office\09-Repository\maven\repo\commons-dbcp\commons-dbcp\1.4\commons-dbcp-1.4.jar;D:\office\09-Repository\maven\repo\commons-digester\commons-digester\2.0\commons-digester-2.0.jar;D:\office\09-Repository\maven\repo\commons-discovery\commons-discovery\0.4\commons-discovery-0.4.jar;D:\office\09-Repository\maven\repo\commons-io\commons-io\1.4\commons-io-1.4.jar;D:\office\09-Repository\maven\repo\commons-lang\commons-lang\2.5\commons-lang-2.5.jar;D:\office\09-Repository\maven\repo\commons-pool\commons-pool\1.5.4\commons-pool-1.5.4.jar;D:\office\09-Repository\maven\repo\jasperreports\jasperreports\3.6.2\jasperreports-3.6.2.jar;D:\office\09-Repository\maven\repo\com\cmb\cmb\1.0.1\cmb-1.0.1.jar;D:\office\09-Repository\maven\repo\com\bocommapi\bocommapi\1.2.4\bocommapi-1.2.4.jar;D:\office\09-Repository\maven\repo\com\bocomm-netsign\bocomm-netsign\1.8\bocomm-netsign-1.8.jar;D:\office\09-Repository\maven\repo\com\mchange\mchange\1.0.1\mchange-1.0.1.jar;D:\office\09-Repository\maven\repo\com\javaflow\javaflow\1.0.1\javaflow-1.0.1.jar;D:\office\09-Repository\maven\repo\com\jsse\jsse\1.0.1\jsse-1.0.1.jar;D:\office\09-Repository\maven\repo\net\sf\ezmorph\ezmorph\1.0.6\ezmorph-1.0.6.jar;D:\office\09-Repository\maven\repo\net\sf\json-lib\json-lib\2.3\json-lib-2.3.jar;D:\office\09-Repository\maven\repo\net\sf\morph\morph\1.1.1\morph-1.1.1.jar;D:\office\09-Repository\maven\repo\net\sf\composite\composite\1.1\composite-1.1.jar;D:\office\09-Repository\maven\repo\org\quartz-scheduler\quartz\1.8.3\quartz-1.8.3.jar;D:\office\09-Repository\maven\repo\javax\transaction\jta\1.1\jta-1.1.jar;D:\office\09-Repository\maven\repo\org\slf4j\slf4j-api\1.5.10\slf4j-api-1.5.10.jar;D:\office\09-Repository\maven\repo\org\slf4j\slf4j-log4j12\1.5.10\slf4j-log4j12-1.5.10.jar;D:\office\09-Repository\maven\repo\org\apache\poi\poi\3.2\poi-3.2.jar;D:\office\09-Repository\maven\repo\com\jaxrpc\jaxrpc\1.0.1\jaxrpc-1.0.1.jar;D:\office\09-Repository\maven\repo\javax\portlet\portlet-api\2.0\portlet-api-2.0.jar;D:\office\09-Repository\maven\repo\com\isfg\isfg\1.0.1\isfg-1.0.1.jar;D:\office\09-Repository\maven\repo\com\sign\sign\1.0.1\sign-1.0.1.jar;D:\office\09-Repository\maven\repo\com\ibmjsseprovider\1.0.1\ibmjsseprovider-1.0.1.jar;D:\office\09-Repository\maven\repo\com\wsdl4j\wsdl4j\1.0.1\wsdl4j-1.0.1.jar;D:\office\09-Repository\maven\repo\com\proxool\proxool\0.9.1\proxool-0.9.1.jar;D:\office\09-Repository\maven\repo\com\cglib\cglib\1.0.1\cglib-1.0.1.jar;D:\office\09-Repository\maven\repo\javax\servlet\jstl\1.2\jstl-1.2.jar;D:\office\09-Repository\maven\repo\javax\xml\jaxrpc-api\1.1\jaxrpc-api-1.1.jar;D:\office\09-Repository\maven\repo\axis\axis-saaj\1.3\axis-saaj-1.3.jar;D:\office\09-Repository\maven\repo\com\B2BBOCOMMAPI\1.2.3\B2BBOCOMMAPI-1.2.3.jar;D:\office\09-Repository\maven\repo\com\NetSignServerforAPI\1.8\NetSignServerforAPI-1.8.jar;D:\office\09-Repository\maven\repo\net\sourceforge\jexcelapi\jxl\2.6.8\jxl-2.6.8.jar;"/>
    <property name="java.specification.name" value="Java Platform API Specification"/>
    <property name="java.class.version" value="50.0"/>
    <property name="sun.management.compiler" value="HotSpot 64-Bit Tiered Compilers"/>
    <property name="os.version" value="6.1"/>
    <property name="user.home" value="C:\Users\Thinkpad"/>
    <property name="user.timezone" value=""/>
    <property name="java.awt.printerjob" value="sun.awt.windows.WPrinterJob"/>
    <property name="java.specification.version" value="1.6"/>
    <property name="file.encoding" value="GBK"/>
    <property name="user.name" value="Thinkpad"/>
    <property name="java.class.path" value="D:\office\06-RYT\02-work\mms-release\target\test-classes;D:\office\06-RYT\02-work\mms-release\target\classes;D:\office\09-Repository\maven\repo\com\icbc-sign\1.0.1\icbc-sign-1.0.1.jar;D:\office\09-Repository\maven\repo\com\icbc-sign-help\1.0.1\icbc-sign-help-1.0.1.jar;D:\office\09-Repository\maven\repo\junit\junit\3.8.1\junit-3.8.1.jar;D:\office\09-Repository\maven\repo\javax\servlet\servlet-api\2.5\servlet-api-2.5.jar;D:\office\09-Repository\maven\repo\javax\activation\activation\1.1.1\activation-1.1.1.jar;D:\office\09-Repository\maven\repo\org\apache\axis\axis\1.4\axis-1.4.jar;D:\office\09-Repository\maven\repo\org\bouncycastle\bcprov-jdk16\1.43\bcprov-jdk16-1.43.jar;D:\office\09-Repository\maven\repo\encrypto\encrypto\1.0.0\encrypto-1.0.0.jar;D:\office\09-Repository\maven\repo\crypto\crypto\1.0.0\crypto-1.0.0.jar;D:\office\09-Repository\maven\repo\dom4j\dom4j\1.6.1\dom4j-1.6.1.jar;D:\office\09-Repository\maven\repo\xml-apis\xml-apis\1.0.b2\xml-apis-1.0.b2.jar;D:\office\09-Repository\maven\repo\javax\xml\soap\saaj-api\1.3\saaj-api-1.3.jar;D:\office\09-Repository\maven\repo\org\directwebremoting\dwr\3.0.M1\dwr-3.0.M1.jar;D:\office\09-Repository\maven\repo\org\mortbay\jetty\cometd\6.1.4\cometd-6.1.4.jar;D:\office\09-Repository\maven\repo\org\mortbay\jetty\jetty-util\6.1.4\jetty-util-6.1.4.jar;D:\office\09-Repository\maven\repo\org\springframework\spring-instrument\3.0.0.RELEASE\spring-instrument-3.0.0.RELEASE.jar;D:\office\09-Repository\maven\repo\org\springframework\spring-beans\3.0.0.RELEASE\spring-beans-3.0.0.RELEASE.jar;D:\office\09-Repository\maven\repo\org\springframework\spring-context\3.0.0.RELEASE\spring-context-3.0.0.RELEASE.jar;D:\office\09-Repository\maven\repo\org\springframework\spring-expression\3.0.0.RELEASE\spring-expression-3.0.0.RELEASE.jar;D:\office\09-Repository\maven\repo\org\springframework\spring-asm\3.0.0.RELEASE\spring-asm-3.0.0.RELEASE.jar;D:\office\09-Repository\maven\repo\org\springframework\spring-context-support\3.0.0.RELEASE\spring-context-support-3.0.0.RELEASE.jar;D:\office\09-Repository\maven\repo\org\springframework\spring-core\3.0.0.RELEASE\spring-core-3.0.0.RELEASE.jar;D:\office\09-Repository\maven\repo\org\springframework\spring-jdbc\3.0.0.RELEASE\spring-jdbc-3.0.0.RELEASE.jar;D:\office\09-Repository\maven\repo\org\springframework\spring-support\2.0.8\spring-support-2.0.8.jar;D:\office\09-Repository\maven\repo\aopalliance\aopalliance\1.0\aopalliance-1.0.jar;D:\office\09-Repository\maven\repo\org\springframework\spring-tomcat-weaver\2.5.6\spring-tomcat-weaver-2.5.6.jar;D:\office\09-Repository\maven\repo\tomcat\catalina\5.5.23\catalina-5.5.23.jar;D:\office\09-Repository\maven\repo\commons-modeler\commons-modeler\2.0\commons-modeler-2.0.jar;D:\office\09-Repository\maven\repo\commons-logging\commons-logging-api\1.0.4\commons-logging-api-1.0.4.jar;D:\office\09-Repository\maven\repo\mx4j\mx4j-jmx\2.1.1\mx4j-jmx-2.1.1.jar;D:\office\09-Repository\maven\repo\org\springframework\spring-tx\3.0.0.RELEASE\spring-tx-3.0.0.RELEASE.jar;D:\office\09-Repository\maven\repo\org\springframework\spring-aop\3.0.0.RELEASE\spring-aop-3.0.0.RELEASE.jar;D:\office\09-Repository\maven\repo\org\springframework\spring-web\3.0.0.RELEASE\spring-web-3.0.0.RELEASE.jar;D:\office\09-Repository\maven\repo\com\mysql\5.1.11\mysql-5.1.11.jar;D:\office\09-Repository\maven\repo\javax\mail\mail\1.4.1\mail-1.4.1.jar;D:\office\09-Repository\maven\repo\commons-logging\commons-logging\1.1\commons-logging-1.1.jar;D:\office\09-Repository\maven\repo\log4j\log4j\1.2.12\log4j-1.2.12.jar;D:\office\09-Repository\maven\repo\logkit\logkit\1.0.1\logkit-1.0.1.jar;D:\office\09-Repository\maven\repo\avalon-framework\avalon-framework\4.1.3\avalon-framework-4.1.3.jar;D:\office\09-Repository\maven\repo\commons-httpclient\commons-httpclient\3.1\commons-httpclient-3.1.jar;D:\office\09-Repository\maven\repo\commons-codec\commons-codec\1.2\commons-codec-1.2.jar;D:\office\09-Repository\maven\repo\commons-beanutils\commons-beanutils\1.8.3\commons-beanutils-1.8.3.jar;D:\office\09-Repository\maven\repo\commons-fileupload\commons-fileupload\1.2.1\commons-fileupload-1.2.1.jar;D:\office\09-Repository\maven\repo\commons-collections\commons-collections\3.2\commons-collections-3.2.jar;D:\office\09-Repository\maven\repo\commons-dbcp\commons-dbcp\1.4\commons-dbcp-1.4.jar;D:\office\09-Repository\maven\repo\commons-digester\commons-digester\2.0\commons-digester-2.0.jar;D:\office\09-Repository\maven\repo\commons-discovery\commons-discovery\0.4\commons-discovery-0.4.jar;D:\office\09-Repository\maven\repo\commons-io\commons-io\1.4\commons-io-1.4.jar;D:\office\09-Repository\maven\repo\commons-lang\commons-lang\2.5\commons-lang-2.5.jar;D:\office\09-Repository\maven\repo\commons-pool\commons-pool\1.5.4\commons-pool-1.5.4.jar;D:\office\09-Repository\maven\repo\jasperreports\jasperreports\3.6.2\jasperreports-3.6.2.jar;D:\office\09-Repository\maven\repo\com\cmb\cmb\1.0.1\cmb-1.0.1.jar;D:\office\09-Repository\maven\repo\com\bocommapi\bocommapi\1.2.4\bocommapi-1.2.4.jar;D:\office\09-Repository\maven\repo\com\bocomm-netsign\bocomm-netsign\1.8\bocomm-netsign-1.8.jar;D:\office\09-Repository\maven\repo\com\mchange\mchange\1.0.1\mchange-1.0.1.jar;D:\office\09-Repository\maven\repo\com\javaflow\javaflow\1.0.1\javaflow-1.0.1.jar;D:\office\09-Repository\maven\repo\com\jsse\jsse\1.0.1\jsse-1.0.1.jar;D:\office\09-Repository\maven\repo\net\sf\ezmorph\ezmorph\1.0.6\ezmorph-1.0.6.jar;D:\office\09-Repository\maven\repo\net\sf\json-lib\json-lib\2.3\json-lib-2.3.jar;D:\office\09-Repository\maven\repo\net\sf\morph\morph\1.1.1\morph-1.1.1.jar;D:\office\09-Repository\maven\repo\net\sf\composite\composite\1.1\composite-1.1.jar;D:\office\09-Repository\maven\repo\org\quartz-scheduler\quartz\1.8.3\quartz-1.8.3.jar;D:\office\09-Repository\maven\repo\javax\transaction\jta\1.1\jta-1.1.jar;D:\office\09-Repository\maven\repo\org\slf4j\slf4j-api\1.5.10\slf4j-api-1.5.10.jar;D:\office\09-Repository\maven\repo\org\slf4j\slf4j-log4j12\1.5.10\slf4j-log4j12-1.5.10.jar;D:\office\09-Repository\maven\repo\org\apache\poi\poi\3.2\poi-3.2.jar;D:\office\09-Repository\maven\repo\com\jaxrpc\jaxrpc\1.0.1\jaxrpc-1.0.1.jar;D:\office\09-Repository\maven\repo\javax\portlet\portlet-api\2.0\portlet-api-2.0.jar;D:\office\09-Repository\maven\repo\com\isfg\isfg\1.0.1\isfg-1.0.1.jar;D:\office\09-Repository\maven\repo\com\sign\sign\1.0.1\sign-1.0.1.jar;D:\office\09-Repository\maven\repo\com\ibmjsseprovider\1.0.1\ibmjsseprovider-1.0.1.jar;D:\office\09-Repository\maven\repo\com\wsdl4j\wsdl4j\1.0.1\wsdl4j-1.0.1.jar;D:\office\09-Repository\maven\repo\com\proxool\proxool\0.9.1\proxool-0.9.1.jar;D:\office\09-Repository\maven\repo\com\cglib\cglib\1.0.1\cglib-1.0.1.jar;D:\office\09-Repository\maven\repo\javax\servlet\jstl\1.2\jstl-1.2.jar;D:\office\09-Repository\maven\repo\javax\xml\jaxrpc-api\1.1\jaxrpc-api-1.1.jar;D:\office\09-Repository\maven\repo\axis\axis-saaj\1.3\axis-saaj-1.3.jar;D:\office\09-Repository\maven\repo\com\B2BBOCOMMAPI\1.2.3\B2BBOCOMMAPI-1.2.3.jar;D:\office\09-Repository\maven\repo\com\NetSignServerforAPI\1.8\NetSignServerforAPI-1.8.jar;D:\office\09-Repository\maven\repo\net\sourceforge\jexcelapi\jxl\2.6.8\jxl-2.6.8.jar;"/>
    <property name="java.vm.specification.version" value="1.0"/>
    <property name="sun.arch.data.model" value="64"/>
    <property name="java.home" value="D:\soft\JAVA\jdk1.6.0_31\jre"/>
    <property name="sun.java.command" value="C:\Users\Thinkpad\AppData\Local\Temp\surefirebooter9169853655765110214.jar C:\Users\Thinkpad\AppData\Local\Temp\surefire261525458400415721tmp C:\Users\Thinkpad\AppData\Local\Temp\surefire4439301811604589936tmp"/>
    <property name="java.specification.vendor" value="Sun Microsystems Inc."/>
    <property name="user.language" value="zh"/>
    <property name="awt.toolkit" value="sun.awt.windows.WToolkit"/>
    <property name="java.vm.info" value="mixed mode"/>
    <property name="java.version" value="1.6.0_31"/>
    <property name="java.ext.dirs" value="D:\soft\JAVA\jdk1.6.0_31\jre\lib\ext;C:\Windows\Sun\Java\lib\ext"/>
    <property name="sun.boot.class.path" value="D:\soft\JAVA\jdk1.6.0_31\jre\lib\resources.jar;D:\soft\JAVA\jdk1.6.0_31\jre\lib\rt.jar;D:\soft\JAVA\jdk1.6.0_31\jre\lib\sunrsasign.jar;D:\soft\JAVA\jdk1.6.0_31\jre\lib\jsse.jar;D:\soft\JAVA\jdk1.6.0_31\jre\lib\jce.jar;D:\soft\JAVA\jdk1.6.0_31\jre\lib\charsets.jar;D:\soft\JAVA\jdk1.6.0_31\jre\lib\modules\jdk.boot.jar;D:\soft\JAVA\jdk1.6.0_31\jre\classes"/>
    <property name="java.vendor" value="Sun Microsystems Inc."/>
    <property name="localRepository" value="D:\office\09-Repository\maven\repo"/>
    <property name="file.separator" value="\"/>
    <property name="java.vendor.url.bug" value="http://java.sun.com/cgi-bin/bugreport.cgi"/>
    <property name="sun.cpu.endian" value="little"/>
    <property name="sun.io.unicode.encoding" value="UnicodeLittle"/>
    <property name="sun.desktop" value="windows"/>
    <property name="sun.cpu.isalist" value="amd64"/>
  </properties>
  <testcase time="0.017" classname="mmsTest.AppTest" name="testApp"/>
</testsuite>